<File>
  <FileName>ContainerKeyboard.cpp</FileName>
  <FileType>8</FileType>
  <FilePath>../touchgfx/gui/src/containers/containerkeyboard.cpp</FilePath>
</File>
<File>
  <FileName>CustomContainer1.cpp</FileName>
  <FileType>8</FileType>
  <FilePath>../touchgfx/gui/src/containers/customcontainer1.cpp</FilePath>
</File>
<File>
  <FileName>FrontendApplication.cpp</FileName>
  <FileType>8</FileType>
  <FilePath>../touchgfx/gui/src/common/frontendapplication.cpp</FilePath>
</File>
<File>
  <FileName>ModalDialog.cpp</FileName>
  <FileType>8</FileType>
  <FilePath>../touchgfx/gui/src/common/modaldialog.cpp</FilePath>
</File>
<File>
  <FileName>Model.cpp</FileName>
  <FileType>8</FileType>
  <FilePath>../touchgfx/gui/src/model/model.cpp</FilePath>
</File>
<File>
  <FileName>QRCode.cpp</FileName>
  <FileType>8</FileType>
  <FilePath>../touchgfx/gui/src/model/qrcode.cpp</FilePath>
</File>
<File>
  <FileName>QRCodeWidget.cpp</FileName>
  <FileType>8</FileType>
  <FilePath>../touchgfx/gui/src/model/qrcodewidget.cpp</FilePath>
</File>
<File>
  <FileName>Screen1Presenter.cpp</FileName>
  <FileType>8</FileType>
  <FilePath>../touchgfx/gui/src/screen1_screen/screen1presenter.cpp</FilePath>
</File>
<File>
  <FileName>Screen1View.cpp</FileName>
  <FileType>8</FileType>
  <FilePath>../touchgfx/gui/src/screen1_screen/screen1view.cpp</FilePath>
</File>
<File>
  <FileName>Screen2Presenter.cpp</FileName>
  <FileType>8</FileType>
  <FilePath>../touchgfx/gui/src/screen2_screen/screen2presenter.cpp</FilePath>
</File>
<File>
  <FileName>Screen2View.cpp</FileName>
  <FileType>8</FileType>
  <FilePath>../touchgfx/gui/src/screen2_screen/screen2view.cpp</FilePath>
</File>
<File>
  <FileName>ApplicationFontProvider.cpp</FileName>
  <FileType>8</FileType>
  <FilePath>../touchgfx/generated/fonts/src/applicationfontprovider.cpp</FilePath>
</File>
<File>
  <FileName>BitmapDatabase.cpp</FileName>
  <FileType>8</FileType>
  <FilePath>../touchgfx/generated/images/src/bitmapdatabase.cpp</FilePath>
</File>
<File>
  <FileName>bk2.cpp</FileName>
  <FileType>8</FileType>
  <FilePath>../touchgfx/generated/images/src/bk2.cpp</FilePath>
</File>
<File>
  <FileName>blue_buttons_round_edge_icon_button.cpp</FileName>
  <FileType>8</FileType>
  <FilePath>../touchgfx/generated/images/src/__designer/blue_buttons_round_edge_icon_button.cpp</FilePath>
</File>
<File>
  <FileName>blue_buttons_round_edge_icon_button_pressed.cpp</FileName>
  <FileType>8</FileType>
  <FilePath>../touchgfx/generated/images/src/__designer/blue_buttons_round_edge_icon_button_pressed.cpp</FilePath>
</File>
<File>
  <FileName>blue_buttons_round_icon_button.cpp</FileName>
  <FileType>8</FileType>
  <FilePath>../touchgfx/generated/images/src/__designer/blue_buttons_round_icon_button.cpp</FilePath>
</File>
<File>
  <FileName>blue_buttons_round_icon_button_pressed.cpp</FileName>
  <FileType>8</FileType>
  <FilePath>../touchgfx/generated/images/src/__designer/blue_buttons_round_icon_button_pressed.cpp</FilePath>
</File>
<File>
  <FileName>blue_icons_back_arrow_32.cpp</FileName>
  <FileType>8</FileType>
  <FilePath>../touchgfx/generated/images/src/__designer/blue_icons_back_arrow_32.cpp</FilePath>
</File>
<File>
  <FileName>blue_icons_next_arrow_32.cpp</FileName>
  <FileType>8</FileType>
  <FilePath>../touchgfx/generated/images/src/__designer/blue_icons_next_arrow_32.cpp</FilePath>
</File>
<File>
  <FileName>cancel.cpp</FileName>
  <FileType>8</FileType>
  <FilePath>../touchgfx/generated/images/src/cancel.cpp</FilePath>
</File>
<File>
  <FileName>cancel_pressed.cpp</FileName>
  <FileType>8</FileType>
  <FilePath>../touchgfx/generated/images/src/cancel_pressed.cpp</FilePath>
</File>
<File>
  <FileName>ContainerKeyboardBase.cpp</FileName>
  <FileType>8</FileType>
  <FilePath>../touchgfx/generated/gui_generated/src/containers/containerkeyboardbase.cpp</FilePath>
</File>
<File>
  <FileName>CustomContainer1Base.cpp</FileName>
  <FileType>8</FileType>
  <FilePath>../touchgfx/generated/gui_generated/src/containers/customcontainer1base.cpp</FilePath>
</File>
<File>
  <FileName>Font_STSONG_TTF_20_4bpp.cpp</FileName>
  <FileType>8</FileType>
  <FilePath>../touchgfx/generated/fonts/src/font_stsong_ttf_20_4bpp.cpp</FilePath>
</File>
<File>
  <FileName>Font_STSONG_TTF_40_4bpp.cpp</FileName>
  <FileType>8</FileType>
  <FilePath>../touchgfx/generated/fonts/src/font_stsong_ttf_40_4bpp.cpp</FilePath>
</File>
<File>
  <FileName>Font_verdana_20_4bpp.cpp</FileName>
  <FileType>8</FileType>
  <FilePath>../touchgfx/generated/fonts/src/font_verdana_20_4bpp.cpp</FilePath>
</File>
<File>
  <FileName>FontGetters.cpp</FileName>
  <FileType>8</FileType>
  <FilePath>../touchgfx/generated/fonts/src/fontgetters.cpp</FilePath>
</File>
<File>
  <FileName>FrontendApplicationBase.cpp</FileName>
  <FileType>8</FileType>
  <FilePath>../touchgfx/generated/gui_generated/src/common/frontendapplicationbase.cpp</FilePath>
</File>
<File>
  <FileName>image00.cpp</FileName>
  <FileType>8</FileType>
  <FilePath>../touchgfx/generated/images/src/image00.cpp</FilePath>
</File>
<File>
  <FileName>Kerning_STSONG_TTF_20_4bpp.cpp</FileName>
  <FileType>8</FileType>
  <FilePath>../touchgfx/generated/fonts/src/kerning_stsong_ttf_20_4bpp.cpp</FilePath>
</File>
<File>
  <FileName>Kerning_STSONG_TTF_40_4bpp.cpp</FileName>
  <FileType>8</FileType>
  <FilePath>../touchgfx/generated/fonts/src/kerning_stsong_ttf_40_4bpp.cpp</FilePath>
</File>
<File>
  <FileName>Kerning_verdana_20_4bpp.cpp</FileName>
  <FileType>8</FileType>
  <FilePath>../touchgfx/generated/fonts/src/kerning_verdana_20_4bpp.cpp</FilePath>
</File>
<File>
  <FileName>key_panel.cpp</FileName>
  <FileType>8</FileType>
  <FilePath>../touchgfx/generated/images/src/key_panel.cpp</FilePath>
</File>
<File>
  <FileName>LanguageGb.cpp</FileName>
  <FileType>8</FileType>
  <FilePath>../touchgfx/generated/texts/src/languagegb.cpp</FilePath>
</File>
<File>
  <FileName>mn.cpp</FileName>
  <FileType>8</FileType>
  <FilePath>../touchgfx/generated/images/src/mn.cpp</FilePath>
</File>
<File>
  <FileName>modal_background.cpp</FileName>
  <FileType>8</FileType>
  <FilePath>../touchgfx/generated/images/src/modal_background.cpp</FilePath>
</File>
<File>
  <FileName>ok.cpp</FileName>
  <FileType>8</FileType>
  <FilePath>../touchgfx/generated/images/src/ok.cpp</FilePath>
</File>
<File>
  <FileName>ok_pressed.cpp</FileName>
  <FileType>8</FileType>
  <FilePath>../touchgfx/generated/images/src/ok_pressed.cpp</FilePath>
</File>
<File>
  <FileName>Screen1ViewBase.cpp</FileName>
  <FileType>8</FileType>
  <FilePath>../touchgfx/generated/gui_generated/src/screen1_screen/screen1viewbase.cpp</FilePath>
</File>
<File>
  <FileName>Screen2ViewBase.cpp</FileName>
  <FileType>8</FileType>
  <FilePath>../touchgfx/generated/gui_generated/src/screen2_screen/screen2viewbase.cpp</FilePath>
</File>
<File>
  <FileName>slider_background_vertical.cpp</FileName>
  <FileType>8</FileType>
  <FilePath>../touchgfx/generated/images/src/slider_background_vertical.cpp</FilePath>
</File>
<File>
  <FileName>slider_background_vertical_filled.cpp</FileName>
  <FileType>8</FileType>
  <FilePath>../touchgfx/generated/images/src/slider_background_vertical_filled.cpp</FilePath>
</File>
<File>
  <FileName>slider_knob_shape.cpp</FileName>
  <FileType>8</FileType>
  <FilePath>../touchgfx/generated/images/src/slider_knob_shape.cpp</FilePath>
</File>
<File>
  <FileName>speedCtrl.cpp</FileName>
  <FileType>8</FileType>
  <FilePath>../touchgfx/generated/images/src/speedctrl.cpp</FilePath>
</File>
<File>
  <FileName>speedCtrlPressed.cpp</FileName>
  <FileType>8</FileType>
  <FilePath>../touchgfx/generated/images/src/speedctrlpressed.cpp</FilePath>
</File>
<File>
  <FileName>Table_STSONG_TTF_20_4bpp.cpp</FileName>
  <FileType>8</FileType>
  <FilePath>../touchgfx/generated/fonts/src/table_stsong_ttf_20_4bpp.cpp</FilePath>
</File>
<File>
  <FileName>Table_STSONG_TTF_40_4bpp.cpp</FileName>
  <FileType>8</FileType>
  <FilePath>../touchgfx/generated/fonts/src/table_stsong_ttf_40_4bpp.cpp</FilePath>
</File>
<File>
  <FileName>Table_verdana_20_4bpp.cpp</FileName>
  <FileType>8</FileType>
  <FilePath>../touchgfx/generated/fonts/src/table_verdana_20_4bpp.cpp</FilePath>
</File>
<File>
  <FileName>Texts.cpp</FileName>
  <FileType>8</FileType>
  <FilePath>../touchgfx/generated/texts/src/texts.cpp</FilePath>
</File>
<File>
  <FileName>TypedTextDatabase.cpp</FileName>
  <FileType>8</FileType>
  <FilePath>../touchgfx/generated/texts/src/typedtextdatabase.cpp</FilePath>
</File>
